	linux-vdso.so.1 =>  (0x00007ffc31554000)
	libfiniteVolume.so => /home/2as/OFv1912/OpenFOAM-v1912/platforms/linux64GccDPInt32Opt/lib/libfiniteVolume.so (0x00002ba7934e5000)
	libmeshTools.so => /home/2as/OFv1912/OpenFOAM-v1912/platforms/linux64GccDPInt32Opt/lib/libmeshTools.so (0x00002ba795dcd000)
	libcompressibleTurbulenceModels.so => /home/2as/OFv1912/OpenFOAM-v1912/platforms/linux64GccDPInt32Opt/lib/libcompressibleTurbulenceModels.so (0x00002ba79667b000)
	libincompressibleTurbulenceModels.so => /home/2as/OFv1912/OpenFOAM-v1912/platforms/linux64GccDPInt32Opt/lib/libincompressibleTurbulenceModels.so (0x00002ba796b80000)
	libimmiscibleIncompressibleTwoPhaseMixture.so => /home/2as/OFv1912/OpenFOAM-v1912/platforms/linux64GccDPInt32Opt/lib/libimmiscibleIncompressibleTwoPhaseMixture.so (0x00002ba7970a3000)
	libprecice.so.2 => /home/2as/spack/opt/spack/linux-rhel7-skylake_avx512/gcc-8.3.0/precice-2.2.0-bli3gia3w3ac4cexsyijzivtgfwjotgi/lib64/libprecice.so.2 (0x00002ba7972c3000)
	libstdc++.so.6 => /opt/gcc-8.3.0/lib64/libstdc++.so.6 (0x00002ba7978cd000)
	libm.so.6 => /lib64/libm.so.6 (0x00002ba797c50000)
	libgcc_s.so.1 => /opt/gcc-8.3.0/lib64/libgcc_s.so.1 (0x00002ba797f52000)
	libc.so.6 => /lib64/libc.so.6 (0x00002ba79816a000)
	libOpenFOAM.so => /home/2as/OFv1912/OpenFOAM-v1912/platforms/linux64GccDPInt32Opt/lib/libOpenFOAM.so (0x00002ba798538000)
	libPstream.so => /home/2as/OFv1912/OpenFOAM-v1912/platforms/linux64GccDPInt32Opt/lib/openmpi-system/libPstream.so (0x00002ba799295000)
	libturbulenceModels.so => /home/2as/OFv1912/OpenFOAM-v1912/platforms/linux64GccDPInt32Opt/lib/libturbulenceModels.so (0x00002ba7994a5000)
	libincompressibleTransportModels.so => /home/2as/OFv1912/OpenFOAM-v1912/platforms/linux64GccDPInt32Opt/lib/libincompressibleTransportModels.so (0x00002ba79993c000)
	libfileFormats.so => /home/2as/OFv1912/OpenFOAM-v1912/platforms/linux64GccDPInt32Opt/lib/libfileFormats.so (0x00002ba799c24000)
	libsurfMesh.so => /home/2as/OFv1912/OpenFOAM-v1912/platforms/linux64GccDPInt32Opt/lib/libsurfMesh.so (0x00002ba799f70000)
	libcompressibleTransportModels.so => /home/2as/OFv1912/OpenFOAM-v1912/platforms/linux64GccDPInt32Opt/lib/libcompressibleTransportModels.so (0x00002ba79a3b2000)
	libradiationModels.so => /home/2as/OFv1912/OpenFOAM-v1912/platforms/linux64GccDPInt32Opt/lib/libradiationModels.so (0x00002ba79a5b6000)
	libfluidThermophysicalModels.so => /home/2as/OFv1912/OpenFOAM-v1912/platforms/linux64GccDPInt32Opt/lib/libfluidThermophysicalModels.so (0x00002ba79a9dc000)
	libsolidThermo.so => /home/2as/OFv1912/OpenFOAM-v1912/platforms/linux64GccDPInt32Opt/lib/libsolidThermo.so (0x00002ba79b0a5000)
	libsolidSpecie.so => /home/2as/OFv1912/OpenFOAM-v1912/platforms/linux64GccDPInt32Opt/lib/libsolidSpecie.so (0x00002ba79b3e5000)
	libspecie.so => /home/2as/OFv1912/OpenFOAM-v1912/platforms/linux64GccDPInt32Opt/lib/libspecie.so (0x00002ba79b616000)
	libtwoPhaseMixture.so => /home/2as/OFv1912/OpenFOAM-v1912/platforms/linux64GccDPInt32Opt/lib/libtwoPhaseMixture.so (0x00002ba79bca2000)
	libinterfaceProperties.so => /home/2as/OFv1912/OpenFOAM-v1912/platforms/linux64GccDPInt32Opt/lib/libinterfaceProperties.so (0x00002ba79becb000)
	libtwoPhaseProperties.so => /home/2as/OFv1912/OpenFOAM-v1912/platforms/linux64GccDPInt32Opt/lib/libtwoPhaseProperties.so (0x00002ba79c171000)
	libboost_log_setup.so.1.77.0 => /home/2as/spack/opt/spack/linux-rhel7-skylake_avx512/gcc-8.3.0/boost-1.77.0-5wlnwwolrvbilagtu252rj43hrql2orq/lib/libboost_log_setup.so.1.77.0 (0x00002ba79c3c1000)
	libboost_program_options.so.1.77.0 => /home/2as/spack/opt/spack/linux-rhel7-skylake_avx512/gcc-8.3.0/boost-1.77.0-5wlnwwolrvbilagtu252rj43hrql2orq/lib/libboost_program_options.so.1.77.0 (0x00002ba79c696000)
	libboost_system.so.1.77.0 => /home/2as/spack/opt/spack/linux-rhel7-skylake_avx512/gcc-8.3.0/boost-1.77.0-5wlnwwolrvbilagtu252rj43hrql2orq/lib/libboost_system.so.1.77.0 (0x00002ba79c8ff000)
	libboost_unit_test_framework.so.1.77.0 => /home/2as/spack/opt/spack/linux-rhel7-skylake_avx512/gcc-8.3.0/boost-1.77.0-5wlnwwolrvbilagtu252rj43hrql2orq/lib/libboost_unit_test_framework.so.1.77.0 (0x00002ba79cb01000)
	libdl.so.2 => /lib64/libdl.so.2 (0x00002ba79cdb2000)
	libxml2.so.2 => /home/2as/spack/opt/spack/linux-rhel7-skylake_avx512/gcc-8.3.0/libxml2-2.9.12-2c4dm525asipsrvtjjc3zh57qx2qazig/lib/libxml2.so.2 (0x00002ba79cfb6000)
	libboost_log.so.1.77.0 => /home/2as/spack/opt/spack/linux-rhel7-skylake_avx512/gcc-8.3.0/boost-1.77.0-5wlnwwolrvbilagtu252rj43hrql2orq/lib/libboost_log.so.1.77.0 (0x00002ba79d318000)
	libboost_filesystem.so.1.77.0 => /home/2as/spack/opt/spack/linux-rhel7-skylake_avx512/gcc-8.3.0/boost-1.77.0-5wlnwwolrvbilagtu252rj43hrql2orq/lib/libboost_filesystem.so.1.77.0 (0x00002ba79d5e7000)
	libboost_thread.so.1.77.0 => /home/2as/spack/opt/spack/linux-rhel7-skylake_avx512/gcc-8.3.0/boost-1.77.0-5wlnwwolrvbilagtu252rj43hrql2orq/lib/libboost_thread.so.1.77.0 (0x00002ba79d808000)
	libpthread.so.0 => /lib64/libpthread.so.0 (0x00002ba79da22000)
	libboost_atomic.so.1.77.0 => /home/2as/spack/opt/spack/linux-rhel7-skylake_avx512/gcc-8.3.0/boost-1.77.0-5wlnwwolrvbilagtu252rj43hrql2orq/lib/libboost_atomic.so.1.77.0 (0x00002ba79dc3e000)
	libboost_chrono.so.1.77.0 => /home/2as/spack/opt/spack/linux-rhel7-skylake_avx512/gcc-8.3.0/boost-1.77.0-5wlnwwolrvbilagtu252rj43hrql2orq/lib/libboost_chrono.so.1.77.0 (0x00002ba79de46000)
	libboost_regex.so.1.77.0 => /home/2as/spack/opt/spack/linux-rhel7-skylake_avx512/gcc-8.3.0/boost-1.77.0-5wlnwwolrvbilagtu252rj43hrql2orq/lib/libboost_regex.so.1.77.0 (0x00002ba79e04f000)
	libmpi.so.40 => /home/2as/spack/opt/spack/linux-rhel7-skylake_avx512/gcc-8.3.0/openmpi-4.1.1-kua55lpvhc45tlko5qshhriym3rmra72/lib/libmpi.so.40 (0x00002ba79e291000)
	libpetsc.so.3.15 => /home/2as/spack/opt/spack/linux-rhel7-skylake_avx512/gcc-8.3.0/petsc-3.15.3-yhlbiiw7a67chaj5jvpdvxaboixctyrr/lib/libpetsc.so.3.15 (0x00002ba79e78e000)
	/lib64/ld-linux-x86-64.so.2 (0x00002ba792f23000)
	libz.so.1 => /home/2as/spack/opt/spack/linux-rhel7-skylake_avx512/gcc-8.3.0/zlib-1.2.11-g3qdjtlk6k2iglegewdlri7yajhfkpbf/lib/libz.so.1 (0x00002ba7a0260000)
	libSLGThermo.so => /home/2as/OFv1912/OpenFOAM-v1912/platforms/linux64GccDPInt32Opt/lib/libSLGThermo.so (0x00002ba7a0477000)
	libthermophysicalProperties.so => /home/2as/OFv1912/OpenFOAM-v1912/platforms/linux64GccDPInt32Opt/lib/libthermophysicalProperties.so (0x00002ba7a0680000)
	libdistributed.so => /home/2as/OFv1912/OpenFOAM-v1912/platforms/linux64GccDPInt32Opt/lib/libdistributed.so (0x00002ba7a0991000)
	libreactionThermophysicalModels.so => /home/2as/OFv1912/OpenFOAM-v1912/platforms/linux64GccDPInt32Opt/lib/libreactionThermophysicalModels.so (0x00002ba7a0c28000)
	librt.so.1 => /lib64/librt.so.1 (0x00002ba7a1ab3000)
	liblzma.so.5 => /home/2as/spack/opt/spack/linux-rhel7-skylake_avx512/gcc-8.3.0/xz-5.2.5-mox7ceb3iodcmfypja3pixxmonlrn6v5/lib/liblzma.so.5 (0x00002ba7a1cbb000)
	libiconv.so.2 => /home/2as/spack/opt/spack/linux-rhel7-skylake_avx512/gcc-8.3.0/libiconv-1.16-yk3youx7f6xmx5js6klnsyojyporkyde/lib/libiconv.so.2 (0x00002ba7a1ee1000)
	libopen-rte.so.40 => /home/2as/spack/opt/spack/linux-rhel7-skylake_avx512/gcc-8.3.0/openmpi-4.1.1-kua55lpvhc45tlko5qshhriym3rmra72/lib/libopen-rte.so.40 (0x00002ba7a21dd000)
	libopen-orted-mpir.so => /home/2as/spack/opt/spack/linux-rhel7-skylake_avx512/gcc-8.3.0/openmpi-4.1.1-kua55lpvhc45tlko5qshhriym3rmra72/lib/libopen-orted-mpir.so (0x00002ba7a24f9000)
	libopen-pal.so.40 => /home/2as/spack/opt/spack/linux-rhel7-skylake_avx512/gcc-8.3.0/openmpi-4.1.1-kua55lpvhc45tlko5qshhriym3rmra72/lib/libopen-pal.so.40 (0x00002ba7a26fc000)
	libutil.so.1 => /lib64/libutil.so.1 (0x00002ba7a2bbf000)
	libhwloc.so.15 => /home/2as/spack/opt/spack/linux-rhel7-skylake_avx512/gcc-8.3.0/hwloc-2.5.0-z6kxseyn2p5f3ies7a4etjhpdji2ghba/lib/libhwloc.so.15 (0x00002ba7a2dc2000)
	libevent_core-2.1.so.7 => /home/2as/spack/opt/spack/linux-rhel7-skylake_avx512/gcc-8.3.0/libevent-2.1.12-l2fybixtkc3chuu6iq6pkbv2t2qi34ox/lib/libevent_core-2.1.so.7 (0x00002ba7a301d000)
	libevent_pthreads-2.1.so.7 => /home/2as/spack/opt/spack/linux-rhel7-skylake_avx512/gcc-8.3.0/libevent-2.1.12-l2fybixtkc3chuu6iq6pkbv2t2qi34ox/lib/libevent_pthreads-2.1.so.7 (0x00002ba7a3255000)
	libHYPRE-2.22.0.so => /home/2as/spack/opt/spack/linux-rhel7-skylake_avx512/gcc-8.3.0/hypre-2.22.0-3dxbvtglbye5kwrv56amg7d24v7hdmbq/lib/libHYPRE-2.22.0.so (0x00002ba7a3458000)
	libsuperlu_dist.so.6 => /home/2as/spack/opt/spack/linux-rhel7-skylake_avx512/gcc-8.3.0/superlu-dist-6.4.0-4qu6leitpe3gmwol6uiwiq77yj37a5dz/lib/libsuperlu_dist.so.6 (0x00002ba7a39e9000)
	libopenblas.so.0 => /home/2as/spack/opt/spack/linux-rhel7-skylake_avx512/gcc-8.3.0/openblas-0.3.17-3qcoixce6tjcazrpkht43nzoyer5wnyd/lib/libopenblas.so.0 (0x00002ba7a3ca0000)
	libhdf5.so.103 => /home/2as/spack/opt/spack/linux-rhel7-skylake_avx512/gcc-8.3.0/hdf5-1.10.7-yfnz47gfshoinjf6g7yqdf35c27cbzai/lib/libhdf5.so.103 (0x00002ba7a4a71000)
	libparmetis.so => /home/2as/spack/opt/spack/linux-rhel7-skylake_avx512/gcc-8.3.0/parmetis-4.0.3-n7i4c2kkzjhabhosdizidcu2f65sibsb/lib/libparmetis.so (0x00002ba7a5020000)
	libmetis.so => /home/2as/spack/opt/spack/linux-rhel7-skylake_avx512/gcc-8.3.0/metis-5.1.0-k24ioais52evdkrwyecwadoax3n5ix4y/lib/libmetis.so (0x00002ba7a5258000)
	libmpi_usempif08.so.40 => /home/2as/spack/opt/spack/linux-rhel7-skylake_avx512/gcc-8.3.0/openmpi-4.1.1-kua55lpvhc45tlko5qshhriym3rmra72/lib/libmpi_usempif08.so.40 (0x00002ba7a54c5000)
	libmpi_usempi_ignore_tkr.so.40 => /home/2as/spack/opt/spack/linux-rhel7-skylake_avx512/gcc-8.3.0/openmpi-4.1.1-kua55lpvhc45tlko5qshhriym3rmra72/lib/libmpi_usempi_ignore_tkr.so.40 (0x00002ba7a5703000)
	libmpi_mpifh.so.40 => /home/2as/spack/opt/spack/linux-rhel7-skylake_avx512/gcc-8.3.0/openmpi-4.1.1-kua55lpvhc45tlko5qshhriym3rmra72/lib/libmpi_mpifh.so.40 (0x00002ba7a5911000)
	libgfortran.so.5 => /opt/gcc-8.3.0/lib64/libgfortran.so.5 (0x00002ba7a5b75000)
	libquadmath.so.0 => /opt/gcc-8.3.0/lib64/libquadmath.so.0 (0x00002ba7a5fe1000)
	libdecompositionMethods.so => /home/2as/OFv1912/OpenFOAM-v1912/platforms/linux64GccDPInt32Opt/lib/libdecompositionMethods.so (0x00002ba7a6221000)
	libpciaccess.so.0 => /home/2as/spack/opt/spack/linux-rhel7-skylake_avx512/gcc-8.3.0/libpciaccess-0.16-3pcvs54f3ysic5han7boze4x2pfujiye/lib/libpciaccess.so.0 (0x00002ba7a64e3000)
	libdynamicMesh.so => /home/2as/OFv1912/OpenFOAM-v1912/platforms/linux64GccDPInt32Opt/lib/libdynamicMesh.so (0x00002ba7a66ec000)
	libextrudeModel.so => /home/2as/OFv1912/OpenFOAM-v1912/platforms/linux64GccDPInt32Opt/lib/libextrudeModel.so (0x00002ba7a6ea4000)
